2022-03-17T07:13:19+00:00 CRITICAL Uncaught Error: Call to a member function get() on null in /home/suitpro.xyz/public_html/wp-content/plugins/woocommerce-refund-and-exchange/front/class-order-exchange.php:848
Stack trace:
#0 /home/suitpro.xyz/public_html/wp-includes/class-wp-hook.php(307): CED_rnx_order_exchange->ced_rnx_add_exchange_products()
#1 /home/suitpro.xyz/public_html/wp-includes/class-wp-hook.php(331): WP_Hook->apply_filters()
#2 /home/suitpro.xyz/public_html/wp-includes/plugin.php(474): WP_Hook->do_action()
#3 /home/suitpro.xyz/public_html/wp-content/themes/Flatsome/woocommerce/content-product.php(85): do_action()
#4 /home/suitpro.xyz/public_html/wp-includes/template.php(772): require('/home/suitpro.x...')
#5 /home/suitpro.xyz/public_html/wp-content/plugins/woocommerce/includes/wc-core-functions.php(284): load_template()
#6 /home/suitpro.xyz/public_html/wp-content/plugins/veb-variation-swatches-pro/includes/themes-support.php(311): wc_get_template_part()
#7 /home/suitpro.xyz/public_html/wp-includes/shortcodes.php(356): inwp_pro_ux_ in /home/suitpro.xyz/public_html/wp-content/plugins/woocommerce-refund-and-exchange/front/class-order-exchange.php on line 848

2022-03-17T21:01:47+00:00 CRITICAL Uncaught Error: Call to a member function get_image_id() on null in /home/suitpro.xyz/public_html/wp-content/plugins/yith-woocommerce-featured-video/includes/classes/class.ywcfav-frontend.php:82
Stack trace:
#0 /home/suitpro.xyz/public_html/wp-includes/class-wp-hook.php(307): YITH_Featured_Audio_Video_Frontend->get_video_audio_content()
#1 /home/suitpro.xyz/public_html/wp-includes/plugin.php(189): WP_Hook->apply_filters()
#2 /home/suitpro.xyz/public_html/wp-content/plugins/veb-variation-gallery/includes/slider-template-js.php(39): apply_filters()
#3 /home/suitpro.xyz/public_html/wp-content/plugins/veb-variation-gallery/veb-variation-gallery.php(422): require_once('/home/suitpro.x...')
#4 /home/suitpro.xyz/public_html/wp-includes/class-wp-hook.php(307): Veb_Variation_Gallery->slider_template_js()
#5 /home/suitpro.xyz/public_html/wp-includes/class-wp-hook.php(331): WP_Hook->apply_filters()
#6 /home/suitpro.xyz/public_html/wp-includes/plugin.php(474): WP_Hook->do_action()
#7 /home/suitpro.xyz/public_html/wp-incl in /home/suitpro.xyz/public_html/wp-content/plugins/yith-woocommerce-featured-video/includes/classes/class.ywcfav-frontend.php on line 82

2022-03-17T21:06:55+00:00 CRITICAL Uncaught Error: Call to a member function get_image_id() on null in /home/suitpro.xyz/public_html/wp-content/plugins/yith-woocommerce-featured-video/includes/classes/class.ywcfav-frontend.php:82
Stack trace:
#0 /home/suitpro.xyz/public_html/wp-includes/class-wp-hook.php(307): YITH_Featured_Audio_Video_Frontend->get_video_audio_content()
#1 /home/suitpro.xyz/public_html/wp-includes/plugin.php(189): WP_Hook->apply_filters()
#2 /home/suitpro.xyz/public_html/wp-content/plugins/veb-variation-gallery/includes/slider-template-js.php(39): apply_filters()
#3 /home/suitpro.xyz/public_html/wp-content/plugins/veb-variation-gallery/veb-variation-gallery.php(422): require_once('/home/suitpro.x...')
#4 /home/suitpro.xyz/public_html/wp-includes/class-wp-hook.php(307): Veb_Variation_Gallery->slider_template_js()
#5 /home/suitpro.xyz/public_html/wp-includes/class-wp-hook.php(331): WP_Hook->apply_filters()
#6 /home/suitpro.xyz/public_html/wp-includes/plugin.php(474): WP_Hook->do_action()
#7 /home/suitpro.xyz/public_html/wp-incl in /home/suitpro.xyz/public_html/wp-content/plugins/yith-woocommerce-featured-video/includes/classes/class.ywcfav-frontend.php on line 82

2022-03-17T21:06:58+00:00 CRITICAL Uncaught Error: Call to a member function get_image_id() on null in /home/suitpro.xyz/public_html/wp-content/plugins/yith-woocommerce-featured-video/includes/classes/class.ywcfav-frontend.php:82
Stack trace:
#0 /home/suitpro.xyz/public_html/wp-includes/class-wp-hook.php(307): YITH_Featured_Audio_Video_Frontend->get_video_audio_content()
#1 /home/suitpro.xyz/public_html/wp-includes/plugin.php(189): WP_Hook->apply_filters()
#2 /home/suitpro.xyz/public_html/wp-content/plugins/veb-variation-gallery/includes/slider-template-js.php(39): apply_filters()
#3 /home/suitpro.xyz/public_html/wp-content/plugins/veb-variation-gallery/veb-variation-gallery.php(422): require_once('/home/suitpro.x...')
#4 /home/suitpro.xyz/public_html/wp-includes/class-wp-hook.php(307): Veb_Variation_Gallery->slider_template_js()
#5 /home/suitpro.xyz/public_html/wp-includes/class-wp-hook.php(331): WP_Hook->apply_filters()
#6 /home/suitpro.xyz/public_html/wp-includes/plugin.php(474): WP_Hook->do_action()
#7 /home/suitpro.xyz/public_html/wp-incl in /home/suitpro.xyz/public_html/wp-content/plugins/yith-woocommerce-featured-video/includes/classes/class.ywcfav-frontend.php on line 82

2022-03-17T21:07:03+00:00 CRITICAL Uncaught Error: Call to a member function get_image_id() on null in /home/suitpro.xyz/public_html/wp-content/plugins/yith-woocommerce-featured-video/includes/classes/class.ywcfav-frontend.php:82
Stack trace:
#0 /home/suitpro.xyz/public_html/wp-includes/class-wp-hook.php(307): YITH_Featured_Audio_Video_Frontend->get_video_audio_content()
#1 /home/suitpro.xyz/public_html/wp-includes/plugin.php(189): WP_Hook->apply_filters()
#2 /home/suitpro.xyz/public_html/wp-content/plugins/veb-variation-gallery/includes/slider-template-js.php(39): apply_filters()
#3 /home/suitpro.xyz/public_html/wp-content/plugins/veb-variation-gallery/veb-variation-gallery.php(422): require_once('/home/suitpro.x...')
#4 /home/suitpro.xyz/public_html/wp-includes/class-wp-hook.php(307): Veb_Variation_Gallery->slider_template_js()
#5 /home/suitpro.xyz/public_html/wp-includes/class-wp-hook.php(331): WP_Hook->apply_filters()
#6 /home/suitpro.xyz/public_html/wp-includes/plugin.php(474): WP_Hook->do_action()
#7 /home/suitpro.xyz/public_html/wp-incl in /home/suitpro.xyz/public_html/wp-content/plugins/yith-woocommerce-featured-video/includes/classes/class.ywcfav-frontend.php on line 82

2022-03-17T21:14:34+00:00 CRITICAL Uncaught Error: Call to a member function get_image_id() on null in /home/suitpro.xyz/public_html/wp-content/plugins/yith-woocommerce-featured-video/includes/classes/class.ywcfav-frontend.php:82
Stack trace:
#0 /home/suitpro.xyz/public_html/wp-includes/class-wp-hook.php(307): YITH_Featured_Audio_Video_Frontend->get_video_audio_content()
#1 /home/suitpro.xyz/public_html/wp-includes/plugin.php(189): WP_Hook->apply_filters()
#2 /home/suitpro.xyz/public_html/wp-content/plugins/veb-variation-gallery/includes/slider-template-js.php(39): apply_filters()
#3 /home/suitpro.xyz/public_html/wp-content/plugins/veb-variation-gallery/veb-variation-gallery.php(422): require_once('/home/suitpro.x...')
#4 /home/suitpro.xyz/public_html/wp-includes/class-wp-hook.php(307): Veb_Variation_Gallery->slider_template_js()
#5 /home/suitpro.xyz/public_html/wp-includes/class-wp-hook.php(331): WP_Hook->apply_filters()
#6 /home/suitpro.xyz/public_html/wp-includes/plugin.php(474): WP_Hook->do_action()
#7 /home/suitpro.xyz/public_html/wp-incl in /home/suitpro.xyz/public_html/wp-content/plugins/yith-woocommerce-featured-video/includes/classes/class.ywcfav-frontend.php on line 82

2022-03-17T21:14:34+00:00 CRITICAL Uncaught Error: Call to a member function get_image_id() on null in /home/suitpro.xyz/public_html/wp-content/plugins/yith-woocommerce-featured-video/includes/classes/class.ywcfav-frontend.php:82
Stack trace:
#0 /home/suitpro.xyz/public_html/wp-includes/class-wp-hook.php(307): YITH_Featured_Audio_Video_Frontend->get_video_audio_content()
#1 /home/suitpro.xyz/public_html/wp-includes/plugin.php(189): WP_Hook->apply_filters()
#2 /home/suitpro.xyz/public_html/wp-content/plugins/veb-variation-gallery/includes/slider-template-js.php(39): apply_filters()
#3 /home/suitpro.xyz/public_html/wp-content/plugins/veb-variation-gallery/veb-variation-gallery.php(422): require_once('/home/suitpro.x...')
#4 /home/suitpro.xyz/public_html/wp-includes/class-wp-hook.php(307): Veb_Variation_Gallery->slider_template_js()
#5 /home/suitpro.xyz/public_html/wp-includes/class-wp-hook.php(331): WP_Hook->apply_filters()
#6 /home/suitpro.xyz/public_html/wp-includes/plugin.php(474): WP_Hook->do_action()
#7 /home/suitpro.xyz/public_html/wp-incl in /home/suitpro.xyz/public_html/wp-content/plugins/yith-woocommerce-featured-video/includes/classes/class.ywcfav-frontend.php on line 82

2022-03-17T21:14:34+00:00 CRITICAL Uncaught Error: Call to a member function get_image_id() on null in /home/suitpro.xyz/public_html/wp-content/plugins/yith-woocommerce-featured-video/includes/classes/class.ywcfav-frontend.php:82
Stack trace:
#0 /home/suitpro.xyz/public_html/wp-includes/class-wp-hook.php(307): YITH_Featured_Audio_Video_Frontend->get_video_audio_content()
#1 /home/suitpro.xyz/public_html/wp-includes/plugin.php(189): WP_Hook->apply_filters()
#2 /home/suitpro.xyz/public_html/wp-content/plugins/veb-variation-gallery/includes/slider-template-js.php(39): apply_filters()
#3 /home/suitpro.xyz/public_html/wp-content/plugins/veb-variation-gallery/veb-variation-gallery.php(422): require_once('/home/suitpro.x...')
#4 /home/suitpro.xyz/public_html/wp-includes/class-wp-hook.php(307): Veb_Variation_Gallery->slider_template_js()
#5 /home/suitpro.xyz/public_html/wp-includes/class-wp-hook.php(331): WP_Hook->apply_filters()
#6 /home/suitpro.xyz/public_html/wp-includes/plugin.php(474): WP_Hook->do_action()
#7 /home/suitpro.xyz/public_html/wp-incl in /home/suitpro.xyz/public_html/wp-content/plugins/yith-woocommerce-featured-video/includes/classes/class.ywcfav-frontend.php on line 82

2022-03-17T21:14:35+00:00 CRITICAL Uncaught Error: Call to a member function get_image_id() on null in /home/suitpro.xyz/public_html/wp-content/plugins/yith-woocommerce-featured-video/includes/classes/class.ywcfav-frontend.php:82
Stack trace:
#0 /home/suitpro.xyz/public_html/wp-includes/class-wp-hook.php(307): YITH_Featured_Audio_Video_Frontend->get_video_audio_content()
#1 /home/suitpro.xyz/public_html/wp-includes/plugin.php(189): WP_Hook->apply_filters()
#2 /home/suitpro.xyz/public_html/wp-content/plugins/veb-variation-gallery/includes/slider-template-js.php(39): apply_filters()
#3 /home/suitpro.xyz/public_html/wp-content/plugins/veb-variation-gallery/veb-variation-gallery.php(422): require_once('/home/suitpro.x...')
#4 /home/suitpro.xyz/public_html/wp-includes/class-wp-hook.php(307): Veb_Variation_Gallery->slider_template_js()
#5 /home/suitpro.xyz/public_html/wp-includes/class-wp-hook.php(331): WP_Hook->apply_filters()
#6 /home/suitpro.xyz/public_html/wp-includes/plugin.php(474): WP_Hook->do_action()
#7 /home/suitpro.xyz/public_html/wp-incl in /home/suitpro.xyz/public_html/wp-content/plugins/yith-woocommerce-featured-video/includes/classes/class.ywcfav-frontend.php on line 82

2022-03-17T21:14:36+00:00 CRITICAL Uncaught Error: Call to a member function get_image_id() on null in /home/suitpro.xyz/public_html/wp-content/plugins/yith-woocommerce-featured-video/includes/classes/class.ywcfav-frontend.php:82
Stack trace:
#0 /home/suitpro.xyz/public_html/wp-includes/class-wp-hook.php(307): YITH_Featured_Audio_Video_Frontend->get_video_audio_content()
#1 /home/suitpro.xyz/public_html/wp-includes/plugin.php(189): WP_Hook->apply_filters()
#2 /home/suitpro.xyz/public_html/wp-content/plugins/veb-variation-gallery/includes/slider-template-js.php(39): apply_filters()
#3 /home/suitpro.xyz/public_html/wp-content/plugins/veb-variation-gallery/veb-variation-gallery.php(422): require_once('/home/suitpro.x...')
#4 /home/suitpro.xyz/public_html/wp-includes/class-wp-hook.php(307): Veb_Variation_Gallery->slider_template_js()
#5 /home/suitpro.xyz/public_html/wp-includes/class-wp-hook.php(331): WP_Hook->apply_filters()
#6 /home/suitpro.xyz/public_html/wp-includes/plugin.php(474): WP_Hook->do_action()
#7 /home/suitpro.xyz/public_html/wp-incl in /home/suitpro.xyz/public_html/wp-content/plugins/yith-woocommerce-featured-video/includes/classes/class.ywcfav-frontend.php on line 82

2022-03-17T21:14:36+00:00 CRITICAL Uncaught Error: Call to a member function get_image_id() on null in /home/suitpro.xyz/public_html/wp-content/plugins/yith-woocommerce-featured-video/includes/classes/class.ywcfav-frontend.php:82
Stack trace:
#0 /home/suitpro.xyz/public_html/wp-includes/class-wp-hook.php(307): YITH_Featured_Audio_Video_Frontend->get_video_audio_content()
#1 /home/suitpro.xyz/public_html/wp-includes/plugin.php(189): WP_Hook->apply_filters()
#2 /home/suitpro.xyz/public_html/wp-content/plugins/veb-variation-gallery/includes/slider-template-js.php(39): apply_filters()
#3 /home/suitpro.xyz/public_html/wp-content/plugins/veb-variation-gallery/veb-variation-gallery.php(422): require_once('/home/suitpro.x...')
#4 /home/suitpro.xyz/public_html/wp-includes/class-wp-hook.php(307): Veb_Variation_Gallery->slider_template_js()
#5 /home/suitpro.xyz/public_html/wp-includes/class-wp-hook.php(331): WP_Hook->apply_filters()
#6 /home/suitpro.xyz/public_html/wp-includes/plugin.php(474): WP_Hook->do_action()
#7 /home/suitpro.xyz/public_html/wp-incl in /home/suitpro.xyz/public_html/wp-content/plugins/yith-woocommerce-featured-video/includes/classes/class.ywcfav-frontend.php on line 82

2022-03-17T22:07:59+00:00 CRITICAL Uncaught Error: Call to a member function get_id() on null in /home/suitpro.xyz/public_html/wp-content/plugins/really-simple-featured-video/includes/FrontEnd.php:84
Stack trace:
#0 /home/suitpro.xyz/public_html/wp-includes/class-wp-hook.php(307): RSFV\FrontEnd->woo_get_video()
#1 /home/suitpro.xyz/public_html/wp-includes/plugin.php(189): WP_Hook->apply_filters()
#2 /home/suitpro.xyz/public_html/wp-content/plugins/veb-variation-gallery/includes/slider-template-js.php(39): apply_filters()
#3 /home/suitpro.xyz/public_html/wp-content/plugins/veb-variation-gallery/veb-variation-gallery.php(422): require_once('/home/suitpro.x...')
#4 /home/suitpro.xyz/public_html/wp-includes/class-wp-hook.php(307): Veb_Variation_Gallery->slider_template_js()
#5 /home/suitpro.xyz/public_html/wp-includes/class-wp-hook.php(331): WP_Hook->apply_filters()
#6 /home/suitpro.xyz/public_html/wp-includes/plugin.php(474): WP_Hook->do_action()
#7 /home/suitpro.xyz/public_html/wp-includes/general-template.php(3058): do_action()
#8 /home/suitpro in /home/suitpro.xyz/public_html/wp-content/plugins/really-simple-featured-video/includes/FrontEnd.php on line 84

2022-03-17T22:08:05+00:00 CRITICAL Uncaught Error: Call to a member function get_id() on null in /home/suitpro.xyz/public_html/wp-content/plugins/really-simple-featured-video/includes/FrontEnd.php:84
Stack trace:
#0 /home/suitpro.xyz/public_html/wp-includes/class-wp-hook.php(307): RSFV\FrontEnd->woo_get_video()
#1 /home/suitpro.xyz/public_html/wp-includes/plugin.php(189): WP_Hook->apply_filters()
#2 /home/suitpro.xyz/public_html/wp-content/plugins/veb-variation-gallery/includes/slider-template-js.php(39): apply_filters()
#3 /home/suitpro.xyz/public_html/wp-content/plugins/veb-variation-gallery/veb-variation-gallery.php(422): require_once('/home/suitpro.x...')
#4 /home/suitpro.xyz/public_html/wp-includes/class-wp-hook.php(307): Veb_Variation_Gallery->slider_template_js()
#5 /home/suitpro.xyz/public_html/wp-includes/class-wp-hook.php(331): WP_Hook->apply_filters()
#6 /home/suitpro.xyz/public_html/wp-includes/plugin.php(474): WP_Hook->do_action()
#7 /home/suitpro.xyz/public_html/wp-includes/general-template.php(3058): do_action()
#8 /home/suitpro in /home/suitpro.xyz/public_html/wp-content/plugins/really-simple-featured-video/includes/FrontEnd.php on line 84

