2022-03-15T15:54:05+00:00 CRITICAL Uncaught Error: Call to a member function get() on null in /www/wwwroot/suitpro.xyz/wp-content/plugins/woocommerce-refund-and-exchange/front/class-order-exchange.php:848
Stack trace:
#0 /www/wwwroot/suitpro.xyz/wp-includes/class-wp-hook.php(307): CED_rnx_order_exchange->ced_rnx_add_exchange_products()
#1 /www/wwwroot/suitpro.xyz/wp-includes/class-wp-hook.php(331): WP_Hook->apply_filters()
#2 /www/wwwroot/suitpro.xyz/wp-includes/plugin.php(474): WP_Hook->do_action()
#3 /www/wwwroot/suitpro.xyz/wp-content/themes/Flatsome/woocommerce/content-product.php(85): do_action()
#4 /www/wwwroot/suitpro.xyz/wp-includes/template.php(772): require('/www/wwwroot/su...')
#5 /www/wwwroot/suitpro.xyz/wp-content/plugins/woocommerce/includes/wc-core-functions.php(284): load_template()
#6 /www/wwwroot/suitpro.xyz/wp-content/plugins/veb-variation-swatches-pro/includes/themes-support.php(311): wc_get_template_part()
#7 /www/wwwroot/suitpro.xyz/wp-includes/shortcodes.php(356): inwp_pro_ux_products()
#8 [internal function]: do_shortco in /www/wwwroot/suitpro.xyz/wp-content/plugins/woocommerce-refund-and-exchange/front/class-order-exchange.php on line 848

2022-03-15T15:54:09+00:00 CRITICAL Uncaught Error: Call to a member function get() on null in /www/wwwroot/suitpro.xyz/wp-content/plugins/woocommerce-refund-and-exchange/front/class-order-exchange.php:848
Stack trace:
#0 /www/wwwroot/suitpro.xyz/wp-includes/class-wp-hook.php(307): CED_rnx_order_exchange->ced_rnx_add_exchange_products()
#1 /www/wwwroot/suitpro.xyz/wp-includes/class-wp-hook.php(331): WP_Hook->apply_filters()
#2 /www/wwwroot/suitpro.xyz/wp-includes/plugin.php(474): WP_Hook->do_action()
#3 /www/wwwroot/suitpro.xyz/wp-content/themes/Flatsome/woocommerce/content-product.php(85): do_action()
#4 /www/wwwroot/suitpro.xyz/wp-includes/template.php(772): require('/www/wwwroot/su...')
#5 /www/wwwroot/suitpro.xyz/wp-content/plugins/woocommerce/includes/wc-core-functions.php(284): load_template()
#6 /www/wwwroot/suitpro.xyz/wp-content/plugins/veb-variation-swatches-pro/includes/themes-support.php(311): wc_get_template_part()
#7 /www/wwwroot/suitpro.xyz/wp-includes/shortcodes.php(356): inwp_pro_ux_products()
#8 [internal function]: do_shortco in /www/wwwroot/suitpro.xyz/wp-content/plugins/woocommerce-refund-and-exchange/front/class-order-exchange.php on line 848

