2022-02-10T16:06:23+00:00 ERROR Spec is invalid because the locale could not be retrieved in feed
2022-02-10T16:06:23+00:00 ERROR stdClass Object
(
    [slug] => 
    [type] => marketing
    [status] => unactioned
    [is_snoozable] => 0
    [source] => woocommerce.com
    [locales] => Array
        (
            [0] => stdClass Object
                (
                    [locale] => 
                    [title] => 
                    [content] => 
                )

        )

    [actions] => Array
        (
        )

    [rules] => Array
        (
            [0] => stdClass Object
                (
                    [type] => publish_after_time
                    [publish_after] => 2022-02-10 17:50:38
                )

            [1] => stdClass Object
                (
                    [type] => publish_before_time
                    [publish_before] => 2022-02-12 23:59:00
                )

        )

)

