03-11-2022 @ 14:48:35 - ====== Authentication function has been accessed
03-11-2022 @ 14:48:35 - Array
(
    [current settings tab] => wc_af_general_settings
    [setting enable] => 
)

03-11-2022 @ 14:55:31 - ====== Authentication function has been accessed
03-11-2022 @ 14:55:31 - Array
(
    [current settings tab] => wc_af_rule_settings
    [setting enable] => 
)

03-11-2022 @ 14:56:49 - ====== Authentication function has been accessed
03-11-2022 @ 14:56:49 - Array
(
    [current settings tab] => wc_af_paypal_settings
    [setting enable] => 
)

03-11-2022 @ 15:02:35 - ====== Authentication function has been accessed
03-11-2022 @ 15:02:35 - Array
(
    [current settings tab] => wc_af_minfraud_settings
    [setting enable] => no
)

03-11-2022 @ 15:03:13 - ====== Authentication function has been accessed
03-11-2022 @ 15:03:13 - Array
(
    [current settings tab] => wc_af_minfraud_settings
    [setting enable] => no
)

03-11-2022 @ 15:04:12 - ====== Authentication function has been accessed
03-11-2022 @ 15:04:12 - Array
(
    [current settings tab] => wc_af_minfraud_settings
    [setting enable] => no
)

